<?xml version="1.0" encoding="UTF-8"?>
<!-- Generated by org.testng.reporters.JUnitReportReporter -->
<testsuite hostname="LAPTOP-HLBOP5JU" failures="0" tests="1" name="test.TestSigIn" time="0.178" errors="0" timestamp="2022-07-24T18:47:17 CDT" skipped="0">
  <testcase classname="test.TestSigIn" name="login" time="0.178"/>
  <system-out/>
</testsuite> <!-- test.TestSigIn -->
