<?xml version="1.0" encoding="UTF-8"?>
<!-- Generated by org.testng.reporters.JUnitReportReporter -->
<testsuite hostname="LAPTOP-HLBOP5JU" failures="0" tests="2" name="com.project.test.NewTest" time="0.004" errors="0" timestamp="16 jul. 2022 05:34:29 GMT" skipped="0">
  <testcase classname="com.project.test.NewTest" name="f" time="0.001"/>
  <testcase classname="com.project.test.NewTest" name="f" time="0.003"/>
</testsuite> <!-- com.project.test.NewTest -->
